[INFO]21:31:13:649-logsMethod.py:43 >> {'aa': 'aaaaaa'}
[INFO]21:31:24:634-logsMethod.py:43 >> {'aa': 'aaaaaa'}
[STEP]21:35:34:332-test_create_note.py:19 >> class:CreatePro,func:testCase01
[STEP]21:35:34:341-test_create_note.py:20 >> 新建便签内容的主流程
[STEP]21:35:34:350-test_create_note.py:22 >> 前置_构建便签主体
[INFO]21:35:34:515-test_create_note.py:33 >> 【前置】构建便签主体，noteId:1722000934351_noteId
[STEP]21:35:34:519-test_create_note.py:36 >> 新建便签内容
[INFO]21:35:34:524-test_create_note.py:50 >> 【requests】url：http://note-api.wps.cn/v3/notesvr/set/notecontent
[INFO]21:35:34:529-test_create_note.py:51 >> 【requests】headers：{'Cookie': 'wps_sid=V02Sw-JSqZJ06TWVRk0KaVv-ryEtLj800a4d0a690014151d2c', 'X-user-key': '336928044'}
[INFO]21:35:34:535-test_create_note.py:52 >> 【requests】body：{'noteId': '1722000934351_noteId', 'title': 'test', 'summary': 'test', 'body': 'test', 'localContentVersion': 1, 'BodyType': 0}
[INFO]21:35:34:722-test_create_note.py:54 >> 【response】code：200
[INFO]21:35:34:728-test_create_note.py:55 >> 【response】body：{"responseTime":29,"contentVersion":1,"contentUpdateTime":1722000936143}
[STEP]21:35:35:111-test_create_note.py:76 >> 构建便签主体，noteId:1722000934976_noteId
[INFO]21:35:35:118-test_create_note.py:91 >> 【requests】url：http://note-api.wps.cn/v3/notesvr/set/notecontent
[INFO]21:35:35:126-test_create_note.py:92 >> 【requests】headers：{'Cookie': 'wps_sid=V02Sw-JSqZJ06TWVRk0KaVv-ryEtLj800a4d0a690014151d2c', 'X-user-key': '336928044'}
[INFO]21:35:35:132-test_create_note.py:93 >> 【requests】body：{'title': 'test', 'summary': 'test', 'body': 'test', 'localContentVersion': 1, 'BodyType': 0}
[INFO]21:35:35:243-test_create_note.py:95 >> 【response】code：500
[INFO]21:35:35:248-test_create_note.py:96 >> 【response】body：{"errorCode":-7,"errorMsg":"参数不合法！"}
[INFO]22:31:41:689-logsMethod.py:51 >> Class Name: CreatePro 
[INFO]22:31:41:698-logsMethod.py:52 >> Method Name: testCase01
[INFO]22:31:41:711-logsMethod.py:53 >> Test Description: 新建便签内容的主流程
[STEP]22:31:41:727-test_create_note.py:21 >> 前置_构建便签主体
[INFO]22:31:41:842-test_create_note.py:32 >> 【前置】构建便签主体，noteId:1722004301729_noteId
[STEP]22:31:41:856-test_create_note.py:35 >> 新建便签内容
[INFO]22:31:41:871-test_create_note.py:49 >> 【requests】url：http://note-api.wps.cn/v3/notesvr/set/notecontent
[INFO]22:31:41:883-test_create_note.py:50 >> 【requests】headers：{'Cookie': 'wps_sid=V02Sw-JSqZJ06TWVRk0KaVv-ryEtLj800a4d0a690014151d2c', 'X-user-key': '336928044'}
[INFO]22:31:41:896-test_create_note.py:51 >> 【requests】body：{'noteId': '1722004301729_noteId', 'title': 'test', 'summary': 'test', 'body': 'test', 'localContentVersion': 1, 'BodyType': 0}
[INFO]22:31:41:979-test_create_note.py:53 >> 【response】code：200
[INFO]22:31:41:988-test_create_note.py:54 >> 【response】body：{"responseTime":34,"contentVersion":1,"contentUpdateTime":1722004303377}
[INFO]22:31:42:152-logsMethod.py:51 >> Class Name: CreatePro 
[INFO]22:31:42:164-logsMethod.py:52 >> Method Name: testCase02
[INFO]22:31:42:175-logsMethod.py:53 >> Test Description: 新建便签内容，必填项缺失
[STEP]22:31:42:251-test_create_note.py:75 >> 构建便签主体，noteId:1722004302175_noteId
[INFO]22:31:42:262-test_create_note.py:90 >> 【requests】url：http://note-api.wps.cn/v3/notesvr/set/notecontent
[INFO]22:31:42:271-test_create_note.py:91 >> 【requests】headers：{'Cookie': 'wps_sid=V02Sw-JSqZJ06TWVRk0KaVv-ryEtLj800a4d0a690014151d2c', 'X-user-key': '336928044'}
[INFO]22:31:42:282-test_create_note.py:92 >> 【requests】body：{'title': 'test', 'summary': 'test', 'body': 'test', 'localContentVersion': 1, 'BodyType': 0}
[INFO]22:31:42:344-test_create_note.py:94 >> 【response】code：500
[INFO]22:31:42:354-test_create_note.py:95 >> 【response】body：{"errorCode":-7,"errorMsg":"参数不合法！"}
[INFO]22:33:05:873-logsMethod.py:51 >> Class Name: CreatePro 
[INFO]22:33:05:881-logsMethod.py:52 >> Method Name: testCase01
[INFO]22:33:05:894-logsMethod.py:53 >> Test Description: 新建便签内容的主流程
[STEP]22:33:05:912-test_create_note.py:21 >> 前置_构建便签主体
[INFO]22:33:05:975-test_create_note.py:32 >> 【前置】构建便签主体，noteId:1722004385913_noteId
[STEP]22:33:05:982-test_create_note.py:35 >> 新建便签内容
[INFO]22:33:05:992-test_create_note.py:49 >> 【requests】url：http://note-api.wps.cn/v3/notesvr/set/notecontent
[INFO]22:33:05:998-test_create_note.py:50 >> 【requests】headers：{'Cookie': 'wps_sid=V02Sw-JSqZJ06TWVRk0KaVv-ryEtLj800a4d0a690014151d2c', 'X-user-key': '336928044'}
[INFO]22:33:06:007-test_create_note.py:51 >> 【requests】body：{'noteId': '1722004385913_noteId', 'title': 'test', 'summary': 'test', 'body': 'test', 'localContentVersion': 1, 'BodyType': 0}
[INFO]22:33:06:075-test_create_note.py:53 >> 【response】code：200
[INFO]22:33:06:089-test_create_note.py:54 >> 【response】body：{"responseTime":27,"contentVersion":1,"contentUpdateTime":1722004387475}
[INFO]22:33:06:225-logsMethod.py:51 >> Class Name: CreatePro 
[INFO]22:33:06:231-logsMethod.py:52 >> Method Name: testCase02
[INFO]22:33:06:239-logsMethod.py:53 >> Test Description: 新建便签内容，必填项缺失
[STEP]22:33:06:306-test_create_note.py:75 >> 构建便签主体，noteId:1722004386241_noteId
[INFO]22:33:06:315-test_create_note.py:90 >> 【requests】url：http://note-api.wps.cn/v3/notesvr/set/notecontent
[INFO]22:33:06:327-test_create_note.py:91 >> 【requests】headers：{'Cookie': 'wps_sid=V02Sw-JSqZJ06TWVRk0KaVv-ryEtLj800a4d0a690014151d2c', 'X-user-key': '336928044'}
[INFO]22:33:06:339-test_create_note.py:92 >> 【requests】body：{'title': 'test', 'summary': 'test', 'body': 'test', 'localContentVersion': 1, 'BodyType': 0}
[INFO]22:33:06:399-test_create_note.py:94 >> 【response】code：500
[INFO]22:33:06:416-test_create_note.py:95 >> 【response】body：{"errorCode":-7,"errorMsg":"参数不合法！"}
