[INFO]16:15:02:437-test_major.py:21 >> 【前置】清空file的文件协同用户
[INFO]16:15:03:018-logsMethod.py:51 >> Class Name: FileAppTestCase 
[INFO]16:15:03:022-logsMethod.py:52 >> Method Name: testCase01_fileApp_res_200
[INFO]16:15:03:025-logsMethod.py:53 >> Test Description: 请求文档编辑接口，fileApp返回200，expect:文档编辑返回200  body为edit success
[INFO]16:15:03:032-test_major.py:32 >> 请求地址url:http://192.168.199.182:8530/edit
[INFO]16:15:03:035-test_major.py:34 >> 请求头headers:{'Content-Type': 'application/json', 'Cookie': 'user_id=336928044'}
[INFO]16:15:03:040-test_major.py:36 >> 请求body:{'file_id': '1111', 'status': 'edit'}
[INFO]16:15:03:043-test_major.py:37 >> 请求被测服务接口
[INFO]16:15:03:053-test_major.py:41 >> 桩接收消息
[INFO]16:15:03:065-test_major.py:21 >> 【前置】清空file的文件协同用户
[INFO]16:15:03:370-logsMethod.py:51 >> Class Name: FileAppTestCase 
[INFO]16:15:03:376-logsMethod.py:52 >> Method Name: testCase02_fileApp_server_down
[INFO]16:15:03:380-logsMethod.py:53 >> Test Description: 请求文档编辑接口，fileApp服务down  expect：文档编辑返回500  body为SERVER ERROR
[INFO]16:15:03:384-test_major.py:57 >> 请求被测服务接口
[INFO]16:15:03:390-test_major.py:63 >> 请求文件服务，桩receive消息,被测服务校验文件是否存在
[INFO]16:15:03:404-test_major.py:21 >> 【前置】清空file的文件协同用户
[INFO]16:15:03:760-logsMethod.py:51 >> Class Name: FileAppTestCase 
[INFO]16:15:03:771-logsMethod.py:52 >> Method Name: testCase03_fileApp_server_timeout
[INFO]16:15:03:780-logsMethod.py:53 >> Test Description: 请求文档编辑接口，fileApp超时返回403状态码，expect文档编辑接返回504  body为SERVER TIMEOUT
        
[INFO]16:15:03:786-test_major.py:83 >> 请求被测服务接口
[INFO]16:15:03:797-test_major.py:91 >> 请求文件服务，桩receive消息,被测服务校验文件是否存在
[INFO]16:15:03:802-test_major.py:21 >> 【前置】清空file的文件协同用户
[INFO]16:15:04:117-logsMethod.py:51 >> Class Name: FileAppTestCase 
[INFO]16:15:04:122-logsMethod.py:52 >> Method Name: testCase04_fileApp_res_403
[INFO]16:15:04:127-logsMethod.py:53 >> Test Description: 请求文档编辑接口，fileApp返回403状态码，expect文档编辑接返回500  body为SERVER ERROR
        
[INFO]16:15:04:133-test_major.py:109 >> 请求被测服务接口
[INFO]16:15:04:139-test_major.py:115 >> 请求文件服务，桩receive消息,被测服务校验文件是否存在
[INFO]16:15:04:150-test_major.py:21 >> 【前置】清空file的文件协同用户
[INFO]16:15:04:448-logsMethod.py:51 >> Class Name: FileAppTestCase 
[INFO]16:15:04:451-logsMethod.py:52 >> Method Name: testCase05_fileApp_res_text
[INFO]16:15:04:454-logsMethod.py:53 >> Test Description: 请求文档编辑接口，fileApp返回异常文本，expect文档编辑接返回504  body为SERVER ERROR
        
[INFO]16:15:04:457-test_major.py:132 >> 请求被测服务接口
[INFO]16:15:04:469-test_major.py:138 >> 请求文件服务，桩receive消息,被测服务校验文件是否存在
[INFO]16:15:23:525-test_major.py:21 >> 【前置】清空file的文件协同用户
[INFO]16:15:23:894-logsMethod.py:51 >> Class Name: FileAppTestCase 
[INFO]16:15:23:903-logsMethod.py:52 >> Method Name: testCase01_fileApp_res_200
[INFO]16:15:23:916-logsMethod.py:53 >> Test Description: 请求文档编辑接口，fileApp返回200，expect:文档编辑返回200  body为edit success
[INFO]16:15:23:931-test_major.py:32 >> 请求地址url:http://192.168.199.182:8530/edit
[INFO]16:15:23:945-test_major.py:34 >> 请求头headers:{'Content-Type': 'application/json', 'Cookie': 'user_id=336928044'}
[INFO]16:15:23:966-test_major.py:36 >> 请求body:{'file_id': '1111', 'status': 'edit'}
[INFO]16:15:23:978-test_major.py:37 >> 请求被测服务接口
[INFO]16:15:23:993-test_major.py:41 >> 桩接收消息
[INFO]16:15:24:021-test_major.py:21 >> 【前置】清空file的文件协同用户
[INFO]16:15:24:426-logsMethod.py:51 >> Class Name: FileAppTestCase 
[INFO]16:15:24:431-logsMethod.py:52 >> Method Name: testCase02_fileApp_server_down
[INFO]16:15:24:436-logsMethod.py:53 >> Test Description: 请求文档编辑接口，fileApp服务down  expect：文档编辑返回500  body为SERVER ERROR
[INFO]16:15:24:442-test_major.py:57 >> 请求被测服务接口
[INFO]16:15:24:457-test_major.py:63 >> 请求文件服务，桩receive消息,被测服务校验文件是否存在
[INFO]16:15:24:480-test_major.py:21 >> 【前置】清空file的文件协同用户
[INFO]16:15:24:837-logsMethod.py:51 >> Class Name: FileAppTestCase 
[INFO]16:15:24:846-logsMethod.py:52 >> Method Name: testCase03_fileApp_server_timeout
[INFO]16:15:24:851-logsMethod.py:53 >> Test Description: 请求文档编辑接口，fileApp超时返回403状态码，expect文档编辑接返回504  body为SERVER TIMEOUT
        
[INFO]16:15:24:861-test_major.py:83 >> 请求被测服务接口
[INFO]16:15:24:868-test_major.py:91 >> 请求文件服务，桩receive消息,被测服务校验文件是否存在
[INFO]16:15:24:881-test_major.py:21 >> 【前置】清空file的文件协同用户
[INFO]16:15:25:210-logsMethod.py:51 >> Class Name: FileAppTestCase 
[INFO]16:15:25:226-logsMethod.py:52 >> Method Name: testCase04_fileApp_res_403
[INFO]16:15:25:235-logsMethod.py:53 >> Test Description: 请求文档编辑接口，fileApp返回403状态码，expect文档编辑接返回500  body为SERVER ERROR
        
[INFO]16:15:25:246-test_major.py:109 >> 请求被测服务接口
[INFO]16:15:25:263-test_major.py:115 >> 请求文件服务，桩receive消息,被测服务校验文件是否存在
[INFO]16:15:25:275-test_major.py:21 >> 【前置】清空file的文件协同用户
[INFO]16:15:25:598-logsMethod.py:51 >> Class Name: FileAppTestCase 
[INFO]16:15:25:602-logsMethod.py:52 >> Method Name: testCase05_fileApp_res_text
[INFO]16:15:25:610-logsMethod.py:53 >> Test Description: 请求文档编辑接口，fileApp返回异常文本，expect文档编辑接返回504  body为SERVER ERROR
        
[INFO]16:15:25:615-test_major.py:132 >> 请求被测服务接口
[INFO]16:15:25:622-test_major.py:138 >> 请求文件服务，桩receive消息,被测服务校验文件是否存在
[INFO]16:15:58:717-test_major.py:21 >> 【前置】清空file的文件协同用户
[INFO]16:16:01:650-logsMethod.py:51 >> Class Name: FileAppTestCase 
[INFO]16:16:01:653-logsMethod.py:52 >> Method Name: testCase01_fileApp_res_200
[INFO]16:16:01:656-logsMethod.py:53 >> Test Description: 请求文档编辑接口，fileApp返回200，expect:文档编辑返回200  body为edit success
[INFO]16:16:01:659-test_major.py:32 >> 请求地址url:http://192.168.199.182:8530/edit
[INFO]16:16:01:666-test_major.py:34 >> 请求头headers:{'Content-Type': 'application/json', 'Cookie': 'user_id=336928044'}
[INFO]16:16:01:668-test_major.py:36 >> 请求body:{'file_id': '1111', 'status': 'edit'}
[INFO]16:16:01:671-test_major.py:37 >> 请求被测服务接口
[INFO]16:16:01:675-test_major.py:41 >> 桩接收消息
[INFO]16:17:15:793-test_major.py:21 >> 【前置】清空file的文件协同用户
[INFO]16:17:15:922-logsMethod.py:51 >> Class Name: FileAppTestCase 
[INFO]16:17:15:927-logsMethod.py:52 >> Method Name: testCase01_fileApp_res_200
[INFO]16:17:15:931-logsMethod.py:53 >> Test Description: 请求文档编辑接口，fileApp返回200，expect:文档编辑返回200  body为edit success
[INFO]16:17:15:936-test_major.py:32 >> 请求地址url:http://192.168.199.182:8530/edit
[INFO]16:17:15:939-test_major.py:34 >> 请求头headers:{'Content-Type': 'application/json', 'Cookie': 'user_id=336928044'}
[INFO]16:17:15:943-test_major.py:36 >> 请求body:{'file_id': '1111', 'status': 'edit'}
[INFO]16:17:15:947-test_major.py:37 >> 请求被测服务接口
[INFO]16:17:15:951-test_major.py:41 >> 桩接收消息
[INFO]16:18:37:928-test_major.py:21 >> 【前置】清空file的文件协同用户
[INFO]16:18:38:068-logsMethod.py:51 >> Class Name: FileAppTestCase 
[INFO]16:18:38:072-logsMethod.py:52 >> Method Name: testCase01_fileApp_res_200
[INFO]16:18:38:078-logsMethod.py:53 >> Test Description: 请求文档编辑接口，fileApp返回200，expect:文档编辑返回200  body为edit success
[INFO]16:18:38:082-test_major.py:32 >> 请求地址url:http://192.168.199.182:8530/edit
[INFO]16:18:38:085-test_major.py:34 >> 请求头headers:{'Content-Type': 'application/json', 'Cookie': 'user_id=336928044'}
[INFO]16:18:38:090-test_major.py:36 >> 请求body:{'file_id': '1111', 'status': 'edit'}
[INFO]16:18:38:096-test_major.py:37 >> 请求被测服务接口
[INFO]16:18:38:105-test_major.py:41 >> 桩接收消息
[INFO]16:19:10:357-test_major.py:21 >> 【前置】清空file的文件协同用户
[INFO]16:19:12:171-logsMethod.py:51 >> Class Name: FileAppTestCase 
[INFO]16:19:12:175-logsMethod.py:52 >> Method Name: testCase01_fileApp_res_200
[INFO]16:19:12:177-logsMethod.py:53 >> Test Description: 请求文档编辑接口，fileApp返回200，expect:文档编辑返回200  body为edit success
[INFO]16:19:12:180-test_major.py:32 >> 请求地址url:http://192.168.199.182:8530/edit
[INFO]16:19:12:186-test_major.py:34 >> 请求头headers:{'Content-Type': 'application/json', 'Cookie': 'user_id=336928044'}
[INFO]16:19:12:189-test_major.py:36 >> 请求body:{'file_id': '1111', 'status': 'edit'}
[INFO]16:19:12:192-test_major.py:37 >> 请求被测服务接口
[INFO]16:19:12:196-test_major.py:41 >> 桩接收消息
